<?xml version="1.0" encoding="UTF-8" ?>
<testsuite errors="0" failures="1" hostname="Helens-iMac.local" name="TestCases.AllTests" skipped="0" tests="21" time="124.915" timestamp="2015-04-27T01:02:06">
  <properties>
[...]
</properties>
  <testcase classname="TestCases.QuoteBox_DropdownTests" name="test_CountryMostTimeSpentIn_AreaOfTravel_Europe" time="1.92" />
  <testcase classname="TestCases.QuoteBox_DropdownTests" name="test_AreaOfTravelDropdown_HasExpectedValues_PolicyLeisure" time="0.338" />
  <testcase classname="TestCases.QuoteBox_DropdownTests" name="test_TypeOfPolicyDropdown_HasExpectedDropdownValues" time="0.083" />
  <testcase classname="TestCases.QuoteBox_DropdownTests" name="test_CountryMostTimeSpentIn_AreaOfTravel_Indonesia" time="1.801" />
  <testcase classname="TestCases.QuoteBox_DropdownTests" name="test_AreaOfTravelDropdown_HasExpectedValues_PolicyBusiness" time="0.497" />
  <testcase classname="TestCases.QuoteBox_DropdownTests" name="test_AreaOfTravelDropdown_HasExpectedValues_PolicyDirect" time="0.588" />
  <testcase classname="TestCases.QuoteBox_DropdownTests" name="test_CountryMostTimeSpentIn_AreaOfTravel_AustraliaInbound" time="1.953" />
  <testcase classname="TestCases.QuoteBox_DropdownTests" name="test_CountryMostTimeSpentIn_AreaOfTravel_Australia" time="1.78" />
  <testcase classname="TestCases.QuoteBox_DropdownTests" name="test_CountryMostTimeSpentIn_AreaOfTravel_Worldwide" time="1.995" />
  <testcase classname="TestCases.QuoteBox_DropdownTests" name="test_AreaOfTravelDropdown_HasExpectedValues_PolicyGroup" time="0.538" />
  <testcase classname="TestCases.QuoteBox_DropdownTests" name="test_AreaOfTravelDropdown_HasExpectedValues_PolicyAgeApproved" time="0.576">
    <failure message="expected [Area&#xa;Worldwide (inc. Americas and Africa)&#xa;Europe, Asia and the Middle East&#xa;UK and South East Asia&#xa;Indonesia, NZ and South West Pacific] but found [Area&#xa;Worldwide (inc. Americas and Africa)&#xa;Europe, Asia and the Middle East&#xa;UK and South East Asia&#xa;Indonesia, NZ and South West Pacific&#xa;Australia]" type="junit.framework.AssertionFailedError">junit.framework.AssertionFailedError: expected [Area
Worldwide (inc. Americas and Africa)
Europe, Asia and the Middle East
UK and South East Asia
Indonesia, NZ and South West Pacific] but found [Area
Worldwide (inc. Americas and Africa)
Europe, Asia and the Middle East
UK and South East Asia
Indonesia, NZ and South West Pacific
Australia]
	at org.testng.Assert.fail(Assert.java:94)
	at org.testng.Assert.failNotEquals(Assert.java:494)
	at org.testng.Assert.assertEquals(Assert.java:123)
	at org.testng.Assert.assertEquals(Assert.java:176)
	at org.testng.Assert.assertEquals(Assert.java:186)
	at TestCases.QuoteBox_DropdownTests.test_AreaOfTravelDropdown_HasExpectedValues_PolicyAgeApproved(QuoteBox_DropdownTests.java:98)
</failure>
  </testcase>
  <testcase classname="TestCases.QuoteBox_DropdownTests" name="test_CountryMostTimeSpentIn_AreaOfTravel_UK" time="1.948" />
  <testcase classname="TestCases.Test_TypeOfPolicy_Business" name="test_TOPBusiness_StartDate_ByDOB" time="23.275" />
  <testcase classname="TestCases.Test_TypeOfPolicy_Business" name="sadsd" time="7.469" />
  <testcase classname="TestCases.Test_TypeOfPolicy_Leisure" name="test_SideBar" time="7.472" />
  <testcase classname="TestCases.Test_TypeOfPolicy_Leisure" name="test_AddressDetailsLink" time="5.358" />
  <testcase classname="TestCases.Test_TypeOfPolicy_Leisure" name="test_TOPLeisure_ReturnDate_ByAge" time="22.697" />
  <testcase classname="TestCases.Test_TypeOfPolicy_Leisure" name="test_TOPLeisure_AMTO_ByDOB" time="12.105" />
  <testcase classname="TestCases.Test_QuoteBox_Negative" name="test_TOPLeisure_FieldValidation_AgeOrDOB" time="8.245" />
  <testcase classname="TestCases.Test_QuoteBox_Negative" name="test_TOPLeisure_FieldValidation_AreaOfTravel" time="7.968" />
  <testcase classname="TestCases.Test_QuoteBox_Negative" name="test_TOPLeisure_FieldValidation_CountryMostTimeSpent" time="8.587" />
  <system-out><![CDATA[]]></system-out>
  <system-err><![CDATA[]]></system-err>
</testsuite>
